<?xml version="1.0" encoding="UTF-8"?>
<!-- Generated by org.testng.reporters.JUnitReportReporter -->
<testsuite hostname="LAPTOP-HS2LUG8R" failures="0" tests="5" name="testCases.TC_003_LoginDDT" time="32.043" errors="0" timestamp="2025-01-31T16:50:48 IST" skipped="0">
  <testcase classname="testCases.TC_003_LoginDDT" name="verify_loginDDT" time="3.996"/>
  <testcase classname="testCases.TC_003_LoginDDT" name="verify_loginDDT" time="2.792"/>
  <testcase classname="testCases.TC_003_LoginDDT" name="verify_loginDDT" time="2.852"/>
  <testcase classname="testCases.TC_003_LoginDDT" name="verify_loginDDT" time="11.086"/>
  <testcase classname="testCases.TC_003_LoginDDT" name="verify_loginDDT" time="11.317"/>
</testsuite> <!-- testCases.TC_003_LoginDDT -->
