<?xml version="1.0" encoding="UTF-8"?>
<!-- Generated by org.testng.reporters.JUnitReportReporter -->
<testsuite hostname="LAPTOP-HS2LUG8R" failures="0" tests="1" name="testCases.TC_002_LoginTest" time="6.676" errors="0" timestamp="2025-02-09T15:33:54 IST" skipped="0">
  <testcase classname="testCases.TC_002_LoginTest" name="verify_LoginTest" time="6.676"/>
</testsuite> <!-- testCases.TC_002_LoginTest -->
